<?xml version="1.0" encoding="UTF-8"?>
<!-- Generated by org.testng.reporters.JUnitReportReporter -->
<testsuite skipped="0" hostname="LAPTOP-J3RLUHBQ" name="mavenproject.Datadriven" tests="1" failures="0" timestamp="2019-10-29T21:44:12 IST" time="1.373" errors="0">
  <testcase name="f" time="1.373" classname="mavenproject.Datadriven"/>
</testsuite> <!-- mavenproject.Datadriven -->
