<?xml version="1.0" encoding="UTF-8"?>
<!-- Generated by org.testng.reporters.JUnitReportReporter -->
<testsuite skipped="0" hostname="LAPTOP-J3RLUHBQ" name="mavenproject.Dataexisting" tests="1" failures="0" timestamp="2019-10-29T21:46:57 IST" time="0.953" errors="0">
  <testcase name="f" time="0.953" classname="mavenproject.Dataexisting"/>
</testsuite> <!-- mavenproject.Dataexisting -->
